This file contains any messages produced by compilers while
running configure, to aid debugging if configure makes a mistake.

It was created by configure, which was
generated by GNU Autoconf 2.69.  Invocation command line was

  $ ./configure --disable-btrfs-quota --disable-rollback --disable-silent-rules --disable-pam --enable-static=yes --enable-shared=no --prefix=/usr/local/linxsnap

## --------- ##
## Platform. ##
## --------- ##

hostname = linx
uname -m = x86_64
uname -r = 4.9.0-0.bpo.1-linx-security-amd64
uname -s = Linux
uname -v = #1 SMP Linx 4.9.2-2~bpo8+1linx7 (2019-08-06)

/usr/bin/uname -p = unknown
/bin/uname -X     = unknown

/bin/arch              = unknown
/usr/bin/arch -k       = unknown
/usr/convex/getsysinfo = unknown
/usr/bin/hostinfo      = unknown
/bin/machine           = unknown
/usr/bin/oslevel       = unknown
/bin/universe          = unknown

PATH: /usr/local/linxsnap/bin
PATH: /usr/local/sbin
PATH: /usr/local/bin
PATH: /usr/sbin
PATH: /usr/bin
PATH: /sbin
PATH: /bin


## ----------- ##
## Core tests. ##
## ----------- ##

configure:2472: checking for a BSD-compatible install
configure:2540: result: /usr/bin/install -c
configure:2551: checking whether build environment is sane
configure:2606: result: yes
configure:2757: checking for a thread-safe mkdir -p
configure:2796: result: /bin/mkdir -p
configure:2803: checking for gawk
configure:2819: found /usr/bin/gawk
configure:2830: result: gawk
configure:2841: checking whether make sets $(MAKE)
configure:2863: result: yes
configure:2892: checking whether make supports nested variables
configure:2909: result: yes
configure:3129: checking for g++
configure:3145: found /usr/bin/g++
configure:3156: result: g++
configure:3183: checking for C++ compiler version
configure:3192: g++ --version >&5
g++ (Linx 4.9.2-10-linx1) 4.9.2
Copyright (C) 2014 Free Software Foundation, Inc.
This is free software; see the source for copying conditions.  There is NO
warranty; not even for MERCHANTABILITY or FITNESS FOR A PARTICULAR PURPOSE.

configure:3203: $? = 0
configure:3192: g++ -v >&5
Using built-in specs.
COLLECT_GCC=g++
COLLECT_LTO_WRAPPER=/usr/lib/gcc/x86_64-linux-gnu/4.9/lto-wrapper
Target: x86_64-linux-gnu
Configured with: ../src/configure -v --with-pkgversion='Linx 4.9.2-10-linx1' --with-bugurl=file:///usr/share/doc/gcc-4.9/README.Bugs --enable-languages=c,c++,java,go,d,fortran,objc,obj-c++ --prefix=/usr --program-suffix=-4.9 --enable-shared --enable-linker-build-id --libexecdir=/usr/lib --without-included-gettext --enable-threads=posix --with-gxx-include-dir=/usr/include/c++/4.9 --libdir=/usr/lib --enable-nls --with-sysroot=/ --enable-clocale=gnu --enable-libstdcxx-debug --enable-libstdcxx-time=yes --enable-gnu-unique-object --disable-vtable-verify --enable-plugin --with-system-zlib --disable-browser-plugin --enable-java-awt=gtk --enable-gtk-cairo --with-java-home=/usr/lib/jvm/java-1.5.0-gcj-4.9-amd64/jre --enable-java-home --with-jvm-root-dir=/usr/lib/jvm/java-1.5.0-gcj-4.9-amd64 --with-jvm-jar-dir=/usr/lib/jvm-exports/java-1.5.0-gcj-4.9-amd64 --with-arch-directory=amd64 --with-ecj-jar=/usr/share/java/eclipse-ecj.jar --enable-objc-gc --enable-multiarch --with-arch-32=i586 --with-abi=m64 --with-multilib-list=m32,m64,mx32 --enable-multilib --with-tune=generic --enable-checking=release --build=x86_64-linux-gnu --host=x86_64-linux-gnu --target=x86_64-linux-gnu
Thread model: posix
gcc version 4.9.2 (Linx 4.9.2-10-linx1) 
configure:3203: $? = 0
configure:3192: g++ -V >&5
g++: error: unrecognized command line option '-V'
g++: fatal error: no input files
compilation terminated.
configure:3203: $? = 4
configure:3192: g++ -qversion >&5
g++: error: unrecognized command line option '-qversion'
g++: fatal error: no input files
compilation terminated.
configure:3203: $? = 4
configure:3223: checking whether the C++ compiler works
configure:3245: g++ -Wl,-rpath= -I/root/boost/boost1.55-1.55.0+dfs -L/root/boost/boost1.55-1.55.0+dfs/stage/lib/ conftest.cpp  >&5
configure:3249: $? = 0
configure:3297: result: yes
configure:3300: checking for C++ compiler default output file name
configure:3302: result: a.out
configure:3308: checking for suffix of executables
configure:3315: g++ -o conftest -Wl,-rpath= -I/root/boost/boost1.55-1.55.0+dfs -L/root/boost/boost1.55-1.55.0+dfs/stage/lib/ conftest.cpp  >&5
configure:3319: $? = 0
configure:3341: result: 
configure:3363: checking whether we are cross compiling
configure:3371: g++ -o conftest -Wl,-rpath= -I/root/boost/boost1.55-1.55.0+dfs -L/root/boost/boost1.55-1.55.0+dfs/stage/lib/ conftest.cpp  >&5
configure:3375: $? = 0
configure:3382: ./conftest
configure:3386: $? = 0
configure:3401: result: no
configure:3406: checking for suffix of object files
configure:3428: g++ -c -Wl,-rpath= -I/root/boost/boost1.55-1.55.0+dfs conftest.cpp >&5
configure:3432: $? = 0
configure:3453: result: o
configure:3457: checking whether we are using the GNU C++ compiler
configure:3476: g++ -c -Wl,-rpath= -I/root/boost/boost1.55-1.55.0+dfs conftest.cpp >&5
configure:3476: $? = 0
configure:3485: result: yes
configure:3494: checking whether g++ accepts -g
configure:3514: g++ -c -g -I/root/boost/boost1.55-1.55.0+dfs conftest.cpp >&5
configure:3514: $? = 0
configure:3555: result: yes
configure:3581: checking whether make supports the include directive
configure:3596: make -f confmf.GNU && cat confinc.out
this is the am__doit target
configure:3599: $? = 0
configure:3618: result: yes (GNU style)
configure:3643: checking dependency style of g++
configure:3754: result: gcc3
configure:3798: checking build system type
configure:3812: result: x86_64-pc-linux-gnu
configure:3832: checking host system type
configure:3845: result: x86_64-pc-linux-gnu
configure:3886: checking how to print strings
configure:3913: result: printf
configure:3982: checking for gcc
configure:3998: found /usr/bin/gcc
configure:4009: result: gcc
configure:4238: checking for C compiler version
configure:4247: gcc --version >&5
gcc (Linx 4.9.2-10-linx1) 4.9.2
Copyright (C) 2014 Free Software Foundation, Inc.
This is free software; see the source for copying conditions.  There is NO
warranty; not even for MERCHANTABILITY or FITNESS FOR A PARTICULAR PURPOSE.

configure:4258: $? = 0
configure:4247: gcc -v >&5
Using built-in specs.
COLLECT_GCC=gcc
COLLECT_LTO_WRAPPER=/usr/lib/gcc/x86_64-linux-gnu/4.9/lto-wrapper
Target: x86_64-linux-gnu
Configured with: ../src/configure -v --with-pkgversion='Linx 4.9.2-10-linx1' --with-bugurl=file:///usr/share/doc/gcc-4.9/README.Bugs --enable-languages=c,c++,java,go,d,fortran,objc,obj-c++ --prefix=/usr --program-suffix=-4.9 --enable-shared --enable-linker-build-id --libexecdir=/usr/lib --without-included-gettext --enable-threads=posix --with-gxx-include-dir=/usr/include/c++/4.9 --libdir=/usr/lib --enable-nls --with-sysroot=/ --enable-clocale=gnu --enable-libstdcxx-debug --enable-libstdcxx-time=yes --enable-gnu-unique-object --disable-vtable-verify --enable-plugin --with-system-zlib --disable-browser-plugin --enable-java-awt=gtk --enable-gtk-cairo --with-java-home=/usr/lib/jvm/java-1.5.0-gcj-4.9-amd64/jre --enable-java-home --with-jvm-root-dir=/usr/lib/jvm/java-1.5.0-gcj-4.9-amd64 --with-jvm-jar-dir=/usr/lib/jvm-exports/java-1.5.0-gcj-4.9-amd64 --with-arch-directory=amd64 --with-ecj-jar=/usr/share/java/eclipse-ecj.jar --enable-objc-gc --enable-multiarch --with-arch-32=i586 --with-abi=m64 --with-multilib-list=m32,m64,mx32 --enable-multilib --with-tune=generic --enable-checking=release --build=x86_64-linux-gnu --host=x86_64-linux-gnu --target=x86_64-linux-gnu
Thread model: posix
gcc version 4.9.2 (Linx 4.9.2-10-linx1) 
configure:4258: $? = 0
configure:4247: gcc -V >&5
gcc: error: unrecognized command line option '-V'
gcc: fatal error: no input files
compilation terminated.
configure:4258: $? = 4
configure:4247: gcc -qversion >&5
gcc: error: unrecognized command line option '-qversion'
gcc: fatal error: no input files
compilation terminated.
configure:4258: $? = 4
configure:4262: checking whether we are using the GNU C compiler
configure:4281: gcc -c -Wl,-rpath= -I/root/boost/boost1.55-1.55.0+dfs conftest.c >&5
configure:4281: $? = 0
configure:4290: result: yes
configure:4299: checking whether gcc accepts -g
configure:4319: gcc -c -g -I/root/boost/boost1.55-1.55.0+dfs conftest.c >&5
configure:4319: $? = 0
configure:4360: result: yes
configure:4377: checking for gcc option to accept ISO C89
configure:4440: gcc  -c -Wl,-rpath= -I/root/boost/boost1.55-1.55.0+dfs conftest.c >&5
configure:4440: $? = 0
configure:4453: result: none needed
configure:4478: checking whether gcc understands -c and -o together
configure:4500: gcc -c conftest.c -o conftest2.o
configure:4503: $? = 0
configure:4500: gcc -c conftest.c -o conftest2.o
configure:4503: $? = 0
configure:4515: result: yes
configure:4534: checking dependency style of gcc
configure:4645: result: gcc3
configure:4660: checking for a sed that does not truncate output
configure:4724: result: /bin/sed
configure:4742: checking for grep that handles long lines and -e
configure:4800: result: /bin/grep
configure:4805: checking for egrep
configure:4867: result: /bin/grep -E
configure:4872: checking for fgrep
configure:4934: result: /bin/grep -F
configure:4969: checking for ld used by gcc
configure:5036: result: /usr/bin/ld
configure:5043: checking if the linker (/usr/bin/ld) is GNU ld
configure:5058: result: yes
configure:5070: checking for BSD- or MS-compatible name lister (nm)
configure:5124: result: /usr/bin/nm -B
configure:5254: checking the name lister (/usr/bin/nm -B) interface
configure:5261: gcc -c -Wl,-rpath= -I/root/boost/boost1.55-1.55.0+dfs conftest.c >&5
configure:5264: /usr/bin/nm -B "conftest.o"
configure:5267: output
0000000000000000 B some_variable
configure:5274: result: BSD nm
configure:5277: checking whether ln -s works
configure:5281: result: yes
configure:5289: checking the maximum length of command line arguments
configure:5420: result: 1572864
configure:5468: checking how to convert x86_64-pc-linux-gnu file names to x86_64-pc-linux-gnu format
configure:5508: result: func_convert_file_noop
configure:5515: checking how to convert x86_64-pc-linux-gnu file names to toolchain format
configure:5535: result: func_convert_file_noop
configure:5542: checking for /usr/bin/ld option to reload object files
configure:5549: result: -r
configure:5623: checking for objdump
configure:5639: found /usr/bin/objdump
configure:5650: result: objdump
configure:5682: checking how to recognize dependent libraries
configure:5882: result: pass_all
configure:5967: checking for dlltool
configure:5997: result: no
configure:6027: checking how to associate runtime and link libraries
configure:6054: result: printf %s\n
configure:6115: checking for ar
configure:6131: found /usr/bin/ar
configure:6142: result: ar
configure:6179: checking for archiver @FILE support
configure:6196: gcc -c -Wl,-rpath= -I/root/boost/boost1.55-1.55.0+dfs conftest.c >&5
configure:6196: $? = 0
configure:6199: ar cru libconftest.a @conftest.lst >&5
configure:6202: $? = 0
configure:6207: ar cru libconftest.a @conftest.lst >&5
ar: conftest.o: No such file or directory
configure:6210: $? = 1
configure:6222: result: @
configure:6280: checking for strip
configure:6296: found /usr/bin/strip
configure:6307: result: strip
configure:6379: checking for ranlib
configure:6395: found /usr/bin/ranlib
configure:6406: result: ranlib
configure:6508: checking command to parse /usr/bin/nm -B output from gcc object
configure:6661: gcc -c -Wl,-rpath= -I/root/boost/boost1.55-1.55.0+dfs conftest.c >&5
configure:6664: $? = 0
configure:6668: /usr/bin/nm -B conftest.o \| sed -n -e 's/^.*[ ]\([ABCDGIRSTW][ABCDGIRSTW]*\)[ ][ ]*\([_A-Za-z][_A-Za-z0-9]*\)$/\1 \2 \2/p' | sed '/ __gnu_lto/d' \> conftest.nm
configure:6671: $? = 0
configure:6737: gcc -o conftest -Wl,-rpath= -I/root/boost/boost1.55-1.55.0+dfs -L/root/boost/boost1.55-1.55.0+dfs/stage/lib/ conftest.c conftstm.o >&5
configure:6740: $? = 0
configure:6778: result: ok
configure:6825: checking for sysroot
configure:6855: result: no
configure:6862: checking for a working dd
configure:6900: result: /bin/dd
configure:6904: checking how to truncate binary pipes
configure:6919: result: /bin/dd bs=4096 count=1
configure:7055: gcc -c -Wl,-rpath= -I/root/boost/boost1.55-1.55.0+dfs conftest.c >&5
configure:7058: $? = 0
configure:7248: checking for mt
configure:7264: found /bin/mt
configure:7275: result: mt
configure:7298: checking if mt is a manifest tool
configure:7304: mt '-?'
configure:7312: result: no
configure:7989: checking how to run the C preprocessor
configure:8020: gcc -E -I/root/boost/boost1.55-1.55.0+dfs conftest.c
configure:8020: $? = 0
configure:8034: gcc -E -I/root/boost/boost1.55-1.55.0+dfs conftest.c
conftest.c:11:28: fatal error: ac_nonexistent.h: No such file or directory
 #include <ac_nonexistent.h>
                            ^
compilation terminated.
configure:8034: $? = 1
configure: failed program was:
| /* confdefs.h */
| #define PACKAGE_NAME ""
| #define PACKAGE_TARNAME ""
| #define PACKAGE_VERSION ""
| #define PACKAGE_STRING ""
| #define PACKAGE_BUGREPORT ""
| #define PACKAGE_URL ""
| #define PACKAGE "snapper"
| #define VERSION "0.8.3"
| /* end confdefs.h.  */
| #include <ac_nonexistent.h>
configure:8059: result: gcc -E
configure:8079: gcc -E -I/root/boost/boost1.55-1.55.0+dfs conftest.c
configure:8079: $? = 0
configure:8093: gcc -E -I/root/boost/boost1.55-1.55.0+dfs conftest.c
conftest.c:11:28: fatal error: ac_nonexistent.h: No such file or directory
 #include <ac_nonexistent.h>
                            ^
compilation terminated.
configure:8093: $? = 1
configure: failed program was:
| /* confdefs.h */
| #define PACKAGE_NAME ""
| #define PACKAGE_TARNAME ""
| #define PACKAGE_VERSION ""
| #define PACKAGE_STRING ""
| #define PACKAGE_BUGREPORT ""
| #define PACKAGE_URL ""
| #define PACKAGE "snapper"
| #define VERSION "0.8.3"
| /* end confdefs.h.  */
| #include <ac_nonexistent.h>
configure:8122: checking for ANSI C header files
configure:8142: gcc -c -Wl,-rpath= -I/root/boost/boost1.55-1.55.0+dfs conftest.c >&5
configure:8142: $? = 0
configure:8215: gcc -o conftest -Wl,-rpath= -I/root/boost/boost1.55-1.55.0+dfs -L/root/boost/boost1.55-1.55.0+dfs/stage/lib/ conftest.c  >&5
configure:8215: $? = 0
configure:8215: ./conftest
configure:8215: $? = 0
configure:8226: result: yes
configure:8239: checking for sys/types.h
configure:8239: gcc -c -Wl,-rpath= -I/root/boost/boost1.55-1.55.0+dfs conftest.c >&5
configure:8239: $? = 0
configure:8239: result: yes
configure:8239: checking for sys/stat.h
configure:8239: gcc -c -Wl,-rpath= -I/root/boost/boost1.55-1.55.0+dfs conftest.c >&5
configure:8239: $? = 0
configure:8239: result: yes
configure:8239: checking for stdlib.h
configure:8239: gcc -c -Wl,-rpath= -I/root/boost/boost1.55-1.55.0+dfs conftest.c >&5
configure:8239: $? = 0
configure:8239: result: yes
configure:8239: checking for string.h
configure:8239: gcc -c -Wl,-rpath= -I/root/boost/boost1.55-1.55.0+dfs conftest.c >&5
configure:8239: $? = 0
configure:8239: result: yes
configure:8239: checking for memory.h
configure:8239: gcc -c -Wl,-rpath= -I/root/boost/boost1.55-1.55.0+dfs conftest.c >&5
configure:8239: $? = 0
configure:8239: result: yes
configure:8239: checking for strings.h
configure:8239: gcc -c -Wl,-rpath= -I/root/boost/boost1.55-1.55.0+dfs conftest.c >&5
configure:8239: $? = 0
configure:8239: result: yes
configure:8239: checking for inttypes.h
configure:8239: gcc -c -Wl,-rpath= -I/root/boost/boost1.55-1.55.0+dfs conftest.c >&5
configure:8239: $? = 0
configure:8239: result: yes
configure:8239: checking for stdint.h
configure:8239: gcc -c -Wl,-rpath= -I/root/boost/boost1.55-1.55.0+dfs conftest.c >&5
configure:8239: $? = 0
configure:8239: result: yes
configure:8239: checking for unistd.h
configure:8239: gcc -c -Wl,-rpath= -I/root/boost/boost1.55-1.55.0+dfs conftest.c >&5
configure:8239: $? = 0
configure:8239: result: yes
configure:8253: checking for dlfcn.h
configure:8253: gcc -c -Wl,-rpath= -I/root/boost/boost1.55-1.55.0+dfs conftest.c >&5
configure:8253: $? = 0
configure:8253: result: yes
configure:8490: checking for objdir
configure:8505: result: .libs
configure:8765: checking if gcc supports -fno-rtti -fno-exceptions
configure:8783: gcc -c -Wl,-rpath= -I/root/boost/boost1.55-1.55.0+dfs -fno-rtti -fno-exceptions conftest.c >&5
cc1: warning: command line option '-fno-rtti' is valid for C++/ObjC++ but not for C
configure:8787: $? = 0
configure:8800: result: no
configure:9158: checking for gcc option to produce PIC
configure:9165: result: -fPIC -DPIC
configure:9173: checking if gcc PIC flag -fPIC -DPIC works
configure:9191: gcc -c -Wl,-rpath= -I/root/boost/boost1.55-1.55.0+dfs -fPIC -DPIC -DPIC conftest.c >&5
configure:9195: $? = 0
configure:9208: result: yes
configure:9237: checking if gcc static flag -static works
configure:9265: result: yes
configure:9280: checking if gcc supports -c -o file.o
configure:9301: gcc -c -Wl,-rpath= -I/root/boost/boost1.55-1.55.0+dfs -o out/conftest2.o conftest.c >&5
configure:9305: $? = 0
configure:9327: result: yes
configure:9335: checking if gcc supports -c -o file.o
configure:9382: result: yes
configure:9415: checking whether the gcc linker (/usr/bin/ld -m elf_x86_64) supports shared libraries
configure:10674: result: yes
configure:10914: checking dynamic linker characteristics
configure:11495: gcc -o conftest -Wl,-rpath= -I/root/boost/boost1.55-1.55.0+dfs -L/root/boost/boost1.55-1.55.0+dfs/stage/lib/ -Wl,-rpath -Wl,/foo conftest.c  >&5
configure:11495: $? = 0
configure:11732: result: GNU/Linux ld.so
configure:11854: checking how to hardcode library paths into programs
configure:11879: result: immediate
configure:12427: checking whether stripping libraries is possible
configure:12432: result: yes
configure:12467: checking if libtool supports shared libraries
configure:12469: result: yes
configure:12472: checking whether to build shared libraries
configure:12497: result: no
configure:12500: checking whether to build static libraries
configure:12504: result: yes
configure:12527: checking how to run the C++ preprocessor
configure:12554: g++ -E -I/root/boost/boost1.55-1.55.0+dfs conftest.cpp
configure:12554: $? = 0
configure:12568: g++ -E -I/root/boost/boost1.55-1.55.0+dfs conftest.cpp
conftest.cpp:23:28: fatal error: ac_nonexistent.h: No such file or directory
 #include <ac_nonexistent.h>
                            ^
compilation terminated.
configure:12568: $? = 1
configure: failed program was:
| /* confdefs.h */
| #define PACKAGE_NAME ""
| #define PACKAGE_TARNAME ""
| #define PACKAGE_VERSION ""
| #define PACKAGE_STRING ""
| #define PACKAGE_BUGREPORT ""
| #define PACKAGE_URL ""
| #define PACKAGE "snapper"
| #define VERSION "0.8.3"
| #define STDC_HEADERS 1
| #define HAVE_SYS_TYPES_H 1
| #define HAVE_SYS_STAT_H 1
| #define HAVE_STDLIB_H 1
| #define HAVE_STRING_H 1
| #define HAVE_MEMORY_H 1
| #define HAVE_STRINGS_H 1
| #define HAVE_INTTYPES_H 1
| #define HAVE_STDINT_H 1
| #define HAVE_UNISTD_H 1
| #define HAVE_DLFCN_H 1
| #define LT_OBJDIR ".libs/"
| /* end confdefs.h.  */
| #include <ac_nonexistent.h>
configure:12593: result: g++ -E
configure:12613: g++ -E -I/root/boost/boost1.55-1.55.0+dfs conftest.cpp
configure:12613: $? = 0
configure:12627: g++ -E -I/root/boost/boost1.55-1.55.0+dfs conftest.cpp
conftest.cpp:23:28: fatal error: ac_nonexistent.h: No such file or directory
 #include <ac_nonexistent.h>
                            ^
compilation terminated.
configure:12627: $? = 1
configure: failed program was:
| /* confdefs.h */
| #define PACKAGE_NAME ""
| #define PACKAGE_TARNAME ""
| #define PACKAGE_VERSION ""
| #define PACKAGE_STRING ""
| #define PACKAGE_BUGREPORT ""
| #define PACKAGE_URL ""
| #define PACKAGE "snapper"
| #define VERSION "0.8.3"
| #define STDC_HEADERS 1
| #define HAVE_SYS_TYPES_H 1
| #define HAVE_SYS_STAT_H 1
| #define HAVE_STDLIB_H 1
| #define HAVE_STRING_H 1
| #define HAVE_MEMORY_H 1
| #define HAVE_STRINGS_H 1
| #define HAVE_INTTYPES_H 1
| #define HAVE_STDINT_H 1
| #define HAVE_UNISTD_H 1
| #define HAVE_DLFCN_H 1
| #define LT_OBJDIR ".libs/"
| /* end confdefs.h.  */
| #include <ac_nonexistent.h>
configure:12789: checking for ld used by g++
configure:12856: result: /usr/bin/ld -m elf_x86_64
configure:12863: checking if the linker (/usr/bin/ld -m elf_x86_64) is GNU ld
configure:12878: result: yes
configure:12933: checking whether the g++ linker (/usr/bin/ld -m elf_x86_64) supports shared libraries
configure:14006: result: yes
configure:14042: g++ -c -Wl,-rpath= -I/root/boost/boost1.55-1.55.0+dfs conftest.cpp >&5
configure:14045: $? = 0
configure:14526: checking for g++ option to produce PIC
configure:14533: result: -fPIC -DPIC
configure:14541: checking if g++ PIC flag -fPIC -DPIC works
configure:14559: g++ -c -Wl,-rpath= -I/root/boost/boost1.55-1.55.0+dfs -fPIC -DPIC -DPIC conftest.cpp >&5
configure:14563: $? = 0
configure:14576: result: yes
configure:14599: checking if g++ static flag -static works
configure:14627: result: yes
configure:14639: checking if g++ supports -c -o file.o
configure:14660: g++ -c -Wl,-rpath= -I/root/boost/boost1.55-1.55.0+dfs -o out/conftest2.o conftest.cpp >&5
configure:14664: $? = 0
configure:14686: result: yes
configure:14691: checking if g++ supports -c -o file.o
configure:14738: result: yes
configure:14768: checking whether the g++ linker (/usr/bin/ld -m elf_x86_64) supports shared libraries
configure:14808: result: yes
configure:14949: checking dynamic linker characteristics
configure:15694: result: GNU/Linux ld.so
configure:15759: checking how to hardcode library paths into programs
configure:15784: result: immediate
configure:15850: checking for xsltproc
configure:15868: found /usr/bin/xsltproc
configure:15881: result: /usr/bin/xsltproc
configure:15892: checking for chsnap
configure:15923: result: /sbin/chsnap
configure:15933: checking for cp
configure:15951: found /bin/cp
configure:15964: result: /bin/cp
configure:15974: checking for touch
configure:15992: found /usr/bin/touch
configure:16005: result: /usr/bin/touch
configure:16015: checking for rm
configure:16033: found /bin/rm
configure:16046: result: /bin/rm
configure:16056: checking for diff
configure:16074: found /usr/bin/diff
configure:16087: result: /usr/bin/diff
configure:16097: checking for chattr
configure:16115: found /usr/bin/chattr
configure:16128: result: /usr/bin/chattr
configure:16138: checking for lvcreate
configure:16156: found /sbin/lvcreate
configure:16169: result: /sbin/lvcreate
configure:16179: checking for lvremove
configure:16197: found /sbin/lvremove
configure:16210: result: /sbin/lvremove
configure:16220: checking for lvs
configure:16238: found /sbin/lvs
configure:16251: result: /sbin/lvs
configure:16261: checking for lvchange
configure:16279: found /sbin/lvchange
configure:16292: result: /sbin/lvchange
configure:16302: checking for lvm
configure:16320: found /sbin/lvm
configure:16333: result: /sbin/lvm
configure:16343: checking for lvrename
configure:16361: found /sbin/lvrename
configure:16374: result: /sbin/lvrename
configure:16455: checking whether make supports nested variables
configure:16472: result: yes
configure:16594: checking for btrfs_read_and_process_send_stream in -lbtrfs
configure:16619: gcc -o conftest -Wl,-rpath= -std=c99 -Wall -Wextra -Wformat -Wmissing-prototypes -Wno-unused-parameter -I/root/boost/boost1.55-1.55.0+dfs -DCONFDIR='"/etc/sysconfig"' -L/root/boost/boost1.55-1.55.0+dfs/stage/lib/ conftest.c -lbtrfs   >&5
/usr/bin/ld: cannot find -lbtrfs
collect2: error: ld returned 1 exit status
configure:16619: $? = 1
configure: failed program was:
| /* confdefs.h */
| #define PACKAGE_NAME ""
| #define PACKAGE_TARNAME ""
| #define PACKAGE_VERSION ""
| #define PACKAGE_STRING ""
| #define PACKAGE_BUGREPORT ""
| #define PACKAGE_URL ""
| #define PACKAGE "snapper"
| #define VERSION "0.8.3"
| #define STDC_HEADERS 1
| #define HAVE_SYS_TYPES_H 1
| #define HAVE_SYS_STAT_H 1
| #define HAVE_STDLIB_H 1
| #define HAVE_STRING_H 1
| #define HAVE_MEMORY_H 1
| #define HAVE_STRINGS_H 1
| #define HAVE_INTTYPES_H 1
| #define HAVE_STDINT_H 1
| #define HAVE_UNISTD_H 1
| #define HAVE_DLFCN_H 1
| #define LT_OBJDIR ".libs/"
| #define CHSNAPBIN "/sbin/chsnap"
| #define CPBIN "/bin/cp"
| #define TOUCHBIN "/usr/bin/touch"
| #define RMBIN "/bin/rm"
| #define DIFFBIN "/usr/bin/diff"
| #define CHATTRBIN "/usr/bin/chattr"
| #define LVCREATEBIN "/sbin/lvcreate"
| #define LVREMOVEBIN "/sbin/lvremove"
| #define LVSBIN "/sbin/lvs"
| #define LVCHANGEBIN "/sbin/lvchange"
| #define LVMBIN "/sbin/lvm"
| #define LVRENAMEBIN "/sbin/lvrename"
| #define ENABLE_BTRFS 1
| #define ENABLE_EXT4 1
| #define ENABLE_LVM 1
| /* end confdefs.h.  */
| 
| /* Override any GCC internal prototype to avoid an error.
|    Use char because int might match the return type of a GCC
|    builtin and then its argument prototype would still apply.  */
| #ifdef __cplusplus
| extern "C"
| #endif
| char btrfs_read_and_process_send_stream ();
| int
| main ()
| {
| return btrfs_read_and_process_send_stream ();
|   ;
|   return 0;
| }
configure:16628: result: no
configure:16641: checking btrfs/version.h usability
configure:16641: gcc -c -Wl,-rpath= -std=c99 -Wall -Wextra -Wformat -Wmissing-prototypes -Wno-unused-parameter -I/root/boost/boost1.55-1.55.0+dfs -DCONFDIR='"/etc/sysconfig"' conftest.c >&5
conftest.c:71:27: fatal error: btrfs/version.h: No such file or directory
 #include <btrfs/version.h>
                           ^
compilation terminated.
configure:16641: $? = 1
configure: failed program was:
| /* confdefs.h */
| #define PACKAGE_NAME ""
| #define PACKAGE_TARNAME ""
| #define PACKAGE_VERSION ""
| #define PACKAGE_STRING ""
| #define PACKAGE_BUGREPORT ""
| #define PACKAGE_URL ""
| #define PACKAGE "snapper"
| #define VERSION "0.8.3"
| #define STDC_HEADERS 1
| #define HAVE_SYS_TYPES_H 1
| #define HAVE_SYS_STAT_H 1
| #define HAVE_STDLIB_H 1
| #define HAVE_STRING_H 1
| #define HAVE_MEMORY_H 1
| #define HAVE_STRINGS_H 1
| #define HAVE_INTTYPES_H 1
| #define HAVE_STDINT_H 1
| #define HAVE_UNISTD_H 1
| #define HAVE_DLFCN_H 1
| #define LT_OBJDIR ".libs/"
| #define CHSNAPBIN "/sbin/chsnap"
| #define CPBIN "/bin/cp"
| #define TOUCHBIN "/usr/bin/touch"
| #define RMBIN "/bin/rm"
| #define DIFFBIN "/usr/bin/diff"
| #define CHATTRBIN "/usr/bin/chattr"
| #define LVCREATEBIN "/sbin/lvcreate"
| #define LVREMOVEBIN "/sbin/lvremove"
| #define LVSBIN "/sbin/lvs"
| #define LVCHANGEBIN "/sbin/lvchange"
| #define LVMBIN "/sbin/lvm"
| #define LVRENAMEBIN "/sbin/lvrename"
| #define ENABLE_BTRFS 1
| #define ENABLE_EXT4 1
| #define ENABLE_LVM 1
| /* end confdefs.h.  */
| #include <stdio.h>
| #ifdef HAVE_SYS_TYPES_H
| # include <sys/types.h>
| #endif
| #ifdef HAVE_SYS_STAT_H
| # include <sys/stat.h>
| #endif
| #ifdef STDC_HEADERS
| # include <stdlib.h>
| # include <stddef.h>
| #else
| # ifdef HAVE_STDLIB_H
| #  include <stdlib.h>
| # endif
| #endif
| #ifdef HAVE_STRING_H
| # if !defined STDC_HEADERS && defined HAVE_MEMORY_H
| #  include <memory.h>
| # endif
| # include <string.h>
| #endif
| #ifdef HAVE_STRINGS_H
| # include <strings.h>
| #endif
| #ifdef HAVE_INTTYPES_H
| # include <inttypes.h>
| #endif
| #ifdef HAVE_STDINT_H
| # include <stdint.h>
| #endif
| #ifdef HAVE_UNISTD_H
| # include <unistd.h>
| #endif
| #include <btrfs/version.h>
configure:16641: result: no
configure:16641: checking btrfs/version.h presence
configure:16641: gcc -E -I/root/boost/boost1.55-1.55.0+dfs -DCONFDIR='"/etc/sysconfig"' conftest.c
conftest.c:38:27: fatal error: btrfs/version.h: No such file or directory
 #include <btrfs/version.h>
                           ^
compilation terminated.
configure:16641: $? = 1
configure: failed program was:
| /* confdefs.h */
| #define PACKAGE_NAME ""
| #define PACKAGE_TARNAME ""
| #define PACKAGE_VERSION ""
| #define PACKAGE_STRING ""
| #define PACKAGE_BUGREPORT ""
| #define PACKAGE_URL ""
| #define PACKAGE "snapper"
| #define VERSION "0.8.3"
| #define STDC_HEADERS 1
| #define HAVE_SYS_TYPES_H 1
| #define HAVE_SYS_STAT_H 1
| #define HAVE_STDLIB_H 1
| #define HAVE_STRING_H 1
| #define HAVE_MEMORY_H 1
| #define HAVE_STRINGS_H 1
| #define HAVE_INTTYPES_H 1
| #define HAVE_STDINT_H 1
| #define HAVE_UNISTD_H 1
| #define HAVE_DLFCN_H 1
| #define LT_OBJDIR ".libs/"
| #define CHSNAPBIN "/sbin/chsnap"
| #define CPBIN "/bin/cp"
| #define TOUCHBIN "/usr/bin/touch"
| #define RMBIN "/bin/rm"
| #define DIFFBIN "/usr/bin/diff"
| #define CHATTRBIN "/usr/bin/chattr"
| #define LVCREATEBIN "/sbin/lvcreate"
| #define LVREMOVEBIN "/sbin/lvremove"
| #define LVSBIN "/sbin/lvs"
| #define LVCHANGEBIN "/sbin/lvchange"
| #define LVMBIN "/sbin/lvm"
| #define LVRENAMEBIN "/sbin/lvrename"
| #define ENABLE_BTRFS 1
| #define ENABLE_EXT4 1
| #define ENABLE_LVM 1
| /* end confdefs.h.  */
| #include <btrfs/version.h>
configure:16641: result: no
configure:16641: checking for btrfs/version.h
configure:16641: result: no
configure:16874: checking for pkg-config
configure:16892: found /usr/bin/pkg-config
configure:16904: result: /usr/bin/pkg-config
configure:16929: checking pkg-config is at least version 0.9.0
configure:16932: result: yes
configure:16942: checking for dbus-1
configure:16949: $PKG_CONFIG --exists --print-errors "dbus-1"
configure:16952: $? = 0
configure:16966: $PKG_CONFIG --exists --print-errors "dbus-1"
configure:16969: $? = 0
configure:17027: result: yes
configure:17032: checking acl/libacl.h usability
configure:17032: gcc -c -Wl,-rpath= -std=c99 -Wall -Wextra -Wformat -Wmissing-prototypes -Wno-unused-parameter -I/root/boost/boost1.55-1.55.0+dfs -DCONFDIR='"/etc/sysconfig"' conftest.c >&5
configure:17032: $? = 0
configure:17032: result: yes
configure:17032: checking acl/libacl.h presence
configure:17032: gcc -E -I/root/boost/boost1.55-1.55.0+dfs -DCONFDIR='"/etc/sysconfig"' conftest.c
configure:17032: $? = 0
configure:17032: result: yes
configure:17032: checking for acl/libacl.h
configure:17032: result: yes
configure:17160: checking that generated files are newer than configure
configure:17166: result: done
configure:17229: creating ./config.status

## ---------------------- ##
## Running config.status. ##
## ---------------------- ##

This file was extended by config.status, which was
generated by GNU Autoconf 2.69.  Invocation command line was

  CONFIG_FILES    = 
  CONFIG_HEADERS  = 
  CONFIG_LINKS    = 
  CONFIG_COMMANDS = 
  $ ./config.status 

on linx

config.status:1230: creating Makefile
config.status:1230: creating snapper/Makefile
config.status:1230: creating snapper/Version.h
config.status:1230: creating examples/Makefile
config.status:1230: creating examples/c/Makefile
config.status:1230: creating examples/c++-lib/Makefile
config.status:1230: creating dbus/Makefile
config.status:1230: creating server/Makefile
config.status:1230: creating client/Makefile
config.status:1230: creating client/utils/Makefile
config.status:1230: creating scripts/Makefile
config.status:1230: creating pam/Makefile
config.status:1230: creating data/Makefile
config.status:1230: creating doc/Makefile
config.status:1230: creating doc/snapper.xml
config.status:1230: creating doc/snapperd.xml
config.status:1230: creating doc/snapper-configs.xml
config.status:1230: creating doc/snapper-zypp-plugin.xml
config.status:1230: creating doc/snapper-zypp-plugin.conf.xml
config.status:1230: creating doc/pam_snapper.xml
config.status:1230: creating doc/mksubvolume.xml
config.status:1230: creating po/Makefile
config.status:1230: creating testsuite/Makefile
config.status:1230: creating testsuite-real/Makefile
config.status:1230: creating testsuite-cmp/Makefile
config.status:1230: creating package/snapper.spec
config.status:1230: creating dists/debian/snapper-Debian.dsc.in
config.status:1230: creating dists/debian/snapper-xUbuntu.dsc.in
config.status:1230: creating config.h
config.status:1411: config.h is unchanged
config.status:1459: executing depfiles commands
config.status:1536: cd snapper       && sed -e '/# am--include-marker/d' Makefile         | make -f - am--depfiles
make: Nothing to be done for 'am--depfiles'.
config.status:1541: $? = 0
config.status:1536: cd examples/c       && sed -e '/# am--include-marker/d' Makefile         | make -f - am--depfiles
make: Nothing to be done for 'am--depfiles'.
config.status:1541: $? = 0
config.status:1536: cd examples/c++-lib       && sed -e '/# am--include-marker/d' Makefile         | make -f - am--depfiles
make: Nothing to be done for 'am--depfiles'.
config.status:1541: $? = 0
config.status:1536: cd dbus       && sed -e '/# am--include-marker/d' Makefile         | make -f - am--depfiles
make: Nothing to be done for 'am--depfiles'.
config.status:1541: $? = 0
config.status:1536: cd server       && sed -e '/# am--include-marker/d' Makefile         | make -f - am--depfiles
make: Nothing to be done for 'am--depfiles'.
config.status:1541: $? = 0
config.status:1536: cd client       && sed -e '/# am--include-marker/d' Makefile         | make -f - am--depfiles
make: Nothing to be done for 'am--depfiles'.
config.status:1541: $? = 0
config.status:1536: cd client/utils       && sed -e '/# am--include-marker/d' Makefile         | make -f - am--depfiles
make: Nothing to be done for 'am--depfiles'.
config.status:1541: $? = 0
config.status:1536: cd pam       && sed -e '/# am--include-marker/d' Makefile         | make -f - am--depfiles
make: Nothing to be done for 'am--depfiles'.
config.status:1541: $? = 0
config.status:1536: cd testsuite       && sed -e '/# am--include-marker/d' Makefile         | make -f - am--depfiles
make: Nothing to be done for 'am--depfiles'.
config.status:1541: $? = 0
config.status:1536: cd testsuite-real       && sed -e '/# am--include-marker/d' Makefile         | make -f - am--depfiles
make: Nothing to be done for 'am--depfiles'.
config.status:1541: $? = 0
config.status:1536: cd testsuite-cmp       && sed -e '/# am--include-marker/d' Makefile         | make -f - am--depfiles
make: Nothing to be done for 'am--depfiles'.
config.status:1541: $? = 0
config.status:1459: executing libtool commands

## ---------------- ##
## Cache variables. ##
## ---------------- ##

ac_cv_build=x86_64-pc-linux-gnu
ac_cv_c_compiler_gnu=yes
ac_cv_cxx_compiler_gnu=yes
ac_cv_env_CCC_set=
ac_cv_env_CCC_value=
ac_cv_env_CC_set=
ac_cv_env_CC_value=
ac_cv_env_CFLAGS_set=set
ac_cv_env_CFLAGS_value=-Wl,-rpath=
ac_cv_env_CPPFLAGS_set=set
ac_cv_env_CPPFLAGS_value=-I/root/boost/boost1.55-1.55.0+dfs
ac_cv_env_CPP_set=
ac_cv_env_CPP_value=
ac_cv_env_CXXCPP_set=
ac_cv_env_CXXCPP_value=
ac_cv_env_CXXFLAGS_set=set
ac_cv_env_CXXFLAGS_value=-Wl,-rpath=
ac_cv_env_CXX_set=
ac_cv_env_CXX_value=
ac_cv_env_DBUS_CFLAGS_set=
ac_cv_env_DBUS_CFLAGS_value=
ac_cv_env_DBUS_LIBS_set=
ac_cv_env_DBUS_LIBS_value=
ac_cv_env_LDFLAGS_set=set
ac_cv_env_LDFLAGS_value=-L/root/boost/boost1.55-1.55.0+dfs/stage/lib/
ac_cv_env_LIBS_set=
ac_cv_env_LIBS_value=
ac_cv_env_LT_SYS_LIBRARY_PATH_set=
ac_cv_env_LT_SYS_LIBRARY_PATH_value=
ac_cv_env_PKG_CONFIG_LIBDIR_set=
ac_cv_env_PKG_CONFIG_LIBDIR_value=
ac_cv_env_PKG_CONFIG_PATH_set=
ac_cv_env_PKG_CONFIG_PATH_value=
ac_cv_env_PKG_CONFIG_set=
ac_cv_env_PKG_CONFIG_value=
ac_cv_env_build_alias_set=
ac_cv_env_build_alias_value=
ac_cv_env_host_alias_set=
ac_cv_env_host_alias_value=
ac_cv_env_target_alias_set=
ac_cv_env_target_alias_value=
ac_cv_header_acl_libacl_h=yes
ac_cv_header_btrfs_version_h=no
ac_cv_header_dlfcn_h=yes
ac_cv_header_inttypes_h=yes
ac_cv_header_memory_h=yes
ac_cv_header_stdc=yes
ac_cv_header_stdint_h=yes
ac_cv_header_stdlib_h=yes
ac_cv_header_string_h=yes
ac_cv_header_strings_h=yes
ac_cv_header_sys_stat_h=yes
ac_cv_header_sys_types_h=yes
ac_cv_header_unistd_h=yes
ac_cv_host=x86_64-pc-linux-gnu
ac_cv_lib_btrfs_btrfs_read_and_process_send_stream=no
ac_cv_objext=o
ac_cv_path_CHATTRBIN=/usr/bin/chattr
ac_cv_path_CHSNAPBIN=/sbin/chsnap
ac_cv_path_CPBIN=/bin/cp
ac_cv_path_DIFFBIN=/usr/bin/diff
ac_cv_path_EGREP='/bin/grep -E'
ac_cv_path_FGREP='/bin/grep -F'
ac_cv_path_GREP=/bin/grep
ac_cv_path_LVCHANGEBIN=/sbin/lvchange
ac_cv_path_LVCREATEBIN=/sbin/lvcreate
ac_cv_path_LVMBIN=/sbin/lvm
ac_cv_path_LVREMOVEBIN=/sbin/lvremove
ac_cv_path_LVRENAMEBIN=/sbin/lvrename
ac_cv_path_LVSBIN=/sbin/lvs
ac_cv_path_RMBIN=/bin/rm
ac_cv_path_SED=/bin/sed
ac_cv_path_TOUCHBIN=/usr/bin/touch
ac_cv_path_XSLTPROC=/usr/bin/xsltproc
ac_cv_path_ac_pt_PKG_CONFIG=/usr/bin/pkg-config
ac_cv_path_install='/usr/bin/install -c'
ac_cv_path_lt_DD=/bin/dd
ac_cv_path_mkdir=/bin/mkdir
ac_cv_prog_AWK=gawk
ac_cv_prog_CPP='gcc -E'
ac_cv_prog_CXXCPP='g++ -E'
ac_cv_prog_ac_ct_AR=ar
ac_cv_prog_ac_ct_CC=gcc
ac_cv_prog_ac_ct_CXX=g++
ac_cv_prog_ac_ct_MANIFEST_TOOL=mt
ac_cv_prog_ac_ct_OBJDUMP=objdump
ac_cv_prog_ac_ct_RANLIB=ranlib
ac_cv_prog_ac_ct_STRIP=strip
ac_cv_prog_cc_c89=
ac_cv_prog_cc_g=yes
ac_cv_prog_cxx_g=yes
ac_cv_prog_make_make_set=yes
am_cv_CC_dependencies_compiler_type=gcc3
am_cv_CXX_dependencies_compiler_type=gcc3
am_cv_make_support_nested_variables=yes
am_cv_prog_cc_c_o=yes
lt_cv_ar_at_file=@
lt_cv_deplibs_check_method=pass_all
lt_cv_file_magic_cmd='$MAGIC_CMD'
lt_cv_file_magic_test_file=
lt_cv_ld_reload_flag=-r
lt_cv_nm_interface='BSD nm'
lt_cv_objdir=.libs
lt_cv_path_LD=/usr/bin/ld
lt_cv_path_LDCXX='/usr/bin/ld -m elf_x86_64'
lt_cv_path_NM='/usr/bin/nm -B'
lt_cv_path_mainfest_tool=no
lt_cv_prog_compiler_c_o=yes
lt_cv_prog_compiler_c_o_CXX=yes
lt_cv_prog_compiler_pic='-fPIC -DPIC'
lt_cv_prog_compiler_pic_CXX='-fPIC -DPIC'
lt_cv_prog_compiler_pic_works=yes
lt_cv_prog_compiler_pic_works_CXX=yes
lt_cv_prog_compiler_rtti_exceptions=no
lt_cv_prog_compiler_static_works=yes
lt_cv_prog_compiler_static_works_CXX=yes
lt_cv_prog_gnu_ld=yes
lt_cv_prog_gnu_ldcxx=yes
lt_cv_sharedlib_from_linklib_cmd='printf %s\n'
lt_cv_shlibpath_overrides_runpath=no
lt_cv_sys_global_symbol_pipe='sed -n -e '\''s/^.*[	 ]\([ABCDGIRSTW][ABCDGIRSTW]*\)[	 ][	 ]*\([_A-Za-z][_A-Za-z0-9]*\)$/\1 \2 \2/p'\'' | sed '\''/ __gnu_lto/d'\'''
lt_cv_sys_global_symbol_to_c_name_address='sed -n -e '\''s/^: \(.*\) .*$/  {"\1", (void *) 0},/p'\'' -e '\''s/^[ABCDGIRSTW][ABCDGIRSTW]* .* \(.*\)$/  {"\1", (void *) \&\1},/p'\'''
lt_cv_sys_global_symbol_to_c_name_address_lib_prefix='sed -n -e '\''s/^: \(.*\) .*$/  {"\1", (void *) 0},/p'\'' -e '\''s/^[ABCDGIRSTW][ABCDGIRSTW]* .* \(lib.*\)$/  {"\1", (void *) \&\1},/p'\'' -e '\''s/^[ABCDGIRSTW][ABCDGIRSTW]* .* \(.*\)$/  {"lib\1", (void *) \&\1},/p'\'''
lt_cv_sys_global_symbol_to_cdecl='sed -n -e '\''s/^T .* \(.*\)$/extern int \1();/p'\'' -e '\''s/^[ABCDGIRSTW][ABCDGIRSTW]* .* \(.*\)$/extern char \1;/p'\'''
lt_cv_sys_global_symbol_to_import=
lt_cv_sys_max_cmd_len=1572864
lt_cv_to_host_file_cmd=func_convert_file_noop
lt_cv_to_tool_file_cmd=func_convert_file_noop
lt_cv_truncate_bin='/bin/dd bs=4096 count=1'
pkg_cv_DBUS_CFLAGS='-I/usr/include/dbus-1.0 -I/usr/lib/x86_64-linux-gnu/dbus-1.0/include '
pkg_cv_DBUS_LIBS='-ldbus-1 '

## ----------------- ##
## Output variables. ##
## ----------------- ##

ACLOCAL='${SHELL} /root/snapper-0.8.3/missing aclocal-1.16'
AMDEPBACKSLASH='\'
AMDEP_FALSE='#'
AMDEP_TRUE=''
AMTAR='$${TAR-tar}'
AM_BACKSLASH='\'
AM_DEFAULT_V='$(AM_DEFAULT_VERBOSITY)'
AM_DEFAULT_VERBOSITY='1'
AM_V='$(V)'
AR='ar'
AUTOCONF='${SHELL} /root/snapper-0.8.3/missing autoconf'
AUTOHEADER='${SHELL} /root/snapper-0.8.3/missing autoheader'
AUTOMAKE='${SHELL} /root/snapper-0.8.3/missing automake-1.16'
AWK='gawk'
CC='gcc'
CCDEPMODE='depmode=gcc3'
CFLAGS='-Wl,-rpath= -std=c99 -Wall -Wextra -Wformat -Wmissing-prototypes -Wno-unused-parameter'
CHATTRBIN='/usr/bin/chattr'
CHSNAPBIN='/sbin/chsnap'
CPBIN='/bin/cp'
CPP='gcc -E'
CPPFLAGS='-I/root/boost/boost1.55-1.55.0+dfs -DCONFDIR='\''"/etc/sysconfig"'\'''
CXX='g++'
CXXCPP='g++ -E'
CXXDEPMODE='depmode=gcc3'
CXXFLAGS='-Wl,-rpath= -std=c++11 -Wall -Wextra -Wformat -Wnon-virtual-dtor -Wno-unused-parameter'
CYGPATH_W='echo'
DBUS_CFLAGS='-I/usr/include/dbus-1.0 -I/usr/lib/x86_64-linux-gnu/dbus-1.0/include '
DBUS_LIBS='-ldbus-1 '
DEFS='-DHAVE_CONFIG_H'
DEPDIR='.deps'
DIFFBIN='/usr/bin/diff'
DLLTOOL='false'
DSYMUTIL=''
DUMPBIN=''
ECHO_C=''
ECHO_N='-n'
ECHO_T=''
EGREP='/bin/grep -E'
ENABLE_BTRFS_FALSE='#'
ENABLE_BTRFS_QUOTA_FALSE=''
ENABLE_BTRFS_QUOTA_TRUE='#'
ENABLE_BTRFS_TRUE=''
ENABLE_EXT4_FALSE='#'
ENABLE_EXT4_TRUE=''
ENABLE_LVM_FALSE='#'
ENABLE_LVM_TRUE=''
ENABLE_ROLLBACK_FALSE=''
ENABLE_ROLLBACK_TRUE='#'
ENABLE_SELINUX_FALSE=''
ENABLE_SELINUX_TRUE='#'
EXEEXT=''
FGREP='/bin/grep -F'
GREP='/bin/grep'
HAVE_PAM_FALSE=''
HAVE_PAM_TRUE='#'
HAVE_XATTRS_FALSE='#'
HAVE_XATTRS_TRUE=''
HAVE_ZYPP_FALSE='#'
HAVE_ZYPP_TRUE=''
INSTALL_DATA='${INSTALL} -m 644'
INSTALL_PROGRAM='${INSTALL}'
INSTALL_SCRIPT='${INSTALL}'
INSTALL_STRIP_PROGRAM='$(install_sh) -c -s'
LD='/usr/bin/ld -m elf_x86_64'
LDFLAGS='-L/root/boost/boost1.55-1.55.0+dfs/stage/lib/'
LIBOBJS=''
LIBS=''
LIBTOOL='$(SHELL) $(top_builddir)/libtool'
LIBVERSION_INFO='10:0:6'
LIBVERSION_MAJOR='4'
LIBVERSION_MINOR='6'
LIBVERSION_PATCHLEVEL='0'
LIPO=''
LN_S='ln -s'
LTLIBOBJS=''
LT_SYS_LIBRARY_PATH=''
LVCHANGEBIN='/sbin/lvchange'
LVCREATEBIN='/sbin/lvcreate'
LVMBIN='/sbin/lvm'
LVREMOVEBIN='/sbin/lvremove'
LVRENAMEBIN='/sbin/lvrename'
LVSBIN='/sbin/lvs'
MAKEINFO='${SHELL} /root/snapper-0.8.3/missing makeinfo'
MANIFEST_TOOL=':'
MKDIR_P='/bin/mkdir -p'
NM='/usr/bin/nm -B'
NMEDIT=''
OBJDUMP='objdump'
OBJEXT='o'
OTOOL64=''
OTOOL=''
PACKAGE='snapper'
PACKAGE_BUGREPORT=''
PACKAGE_NAME=''
PACKAGE_STRING=''
PACKAGE_TARNAME=''
PACKAGE_URL=''
PACKAGE_VERSION=''
PATH_SEPARATOR=':'
PKG_CONFIG='/usr/bin/pkg-config'
PKG_CONFIG_LIBDIR=''
PKG_CONFIG_PATH=''
RANLIB='ranlib'
RMBIN='/bin/rm'
SED='/bin/sed'
SET_MAKE=''
SHELL='/bin/sh'
STRIP='strip'
SYSCONFIG='/etc/sysconfig'
TOUCHBIN='/usr/bin/touch'
VERSION='0.8.3'
XSLTPROC='/usr/bin/xsltproc'
ac_ct_AR='ar'
ac_ct_CC='gcc'
ac_ct_CXX='g++'
ac_ct_DUMPBIN=''
am__EXEEXT_FALSE=''
am__EXEEXT_TRUE='#'
am__fastdepCC_FALSE='#'
am__fastdepCC_TRUE=''
am__fastdepCXX_FALSE='#'
am__fastdepCXX_TRUE=''
am__include='include'
am__isrc=''
am__leading_dot='.'
am__nodep='_no'
am__quote=''
am__tar='$${TAR-tar} chof - "$$tardir"'
am__untar='$${TAR-tar} xf -'
bindir='${exec_prefix}/bin'
build='x86_64-pc-linux-gnu'
build_alias=''
build_cpu='x86_64'
build_os='linux-gnu'
build_vendor='pc'
datadir='${datarootdir}'
datarootdir='${prefix}/share'
docdir='${datarootdir}/doc/${PACKAGE}'
dvidir='${docdir}'
exec_prefix='${prefix}'
host='x86_64-pc-linux-gnu'
host_alias=''
host_cpu='x86_64'
host_os='linux-gnu'
host_vendor='pc'
htmldir='${docdir}'
includedir='${prefix}/include'
infodir='${datarootdir}/info'
install_sh='${SHELL} /root/snapper-0.8.3/install-sh'
libdir='${exec_prefix}/lib'
libexecdir='${exec_prefix}/libexec'
localedir='${datarootdir}/locale'
localstatedir='${prefix}/var'
mandir='${datarootdir}/man'
mkdir_p='$(MKDIR_P)'
oldincludedir='/usr/include'
pdfdir='${docdir}'
prefix='/usr/local/linxsnap'
program_transform_name='s,x,x,'
psdir='${docdir}'
sbindir='${exec_prefix}/sbin'
sharedstatedir='${prefix}/com'
sysconfdir='${prefix}/etc'
target_alias=''

## ----------- ##
## confdefs.h. ##
## ----------- ##

/* confdefs.h */
#define PACKAGE_NAME ""
#define PACKAGE_TARNAME ""
#define PACKAGE_VERSION ""
#define PACKAGE_STRING ""
#define PACKAGE_BUGREPORT ""
#define PACKAGE_URL ""
#define PACKAGE "snapper"
#define VERSION "0.8.3"
#define STDC_HEADERS 1
#define HAVE_SYS_TYPES_H 1
#define HAVE_SYS_STAT_H 1
#define HAVE_STDLIB_H 1
#define HAVE_STRING_H 1
#define HAVE_MEMORY_H 1
#define HAVE_STRINGS_H 1
#define HAVE_INTTYPES_H 1
#define HAVE_STDINT_H 1
#define HAVE_UNISTD_H 1
#define HAVE_DLFCN_H 1
#define LT_OBJDIR ".libs/"
#define CHSNAPBIN "/sbin/chsnap"
#define CPBIN "/bin/cp"
#define TOUCHBIN "/usr/bin/touch"
#define RMBIN "/bin/rm"
#define DIFFBIN "/usr/bin/diff"
#define CHATTRBIN "/usr/bin/chattr"
#define LVCREATEBIN "/sbin/lvcreate"
#define LVREMOVEBIN "/sbin/lvremove"
#define LVSBIN "/sbin/lvs"
#define LVCHANGEBIN "/sbin/lvchange"
#define LVMBIN "/sbin/lvm"
#define LVRENAMEBIN "/sbin/lvrename"
#define ENABLE_BTRFS 1
#define ENABLE_EXT4 1
#define ENABLE_LVM 1
#define ENABLE_XATTRS 1

configure: exit 0
